Status: FAILED
Time Taken: 115
Size: 0
Timestamp: Tue Oct 25 19:32:24 EEST 2016
TestStep: Attach file from filesystem
Error:java.io.FileNotFoundException: kapsel_21invalid.xml (The system cannot find the file specified)

----------------- Messages ------------------------------
java.io.FileNotFoundException: kapsel_21invalid.xml (The system cannot find the file specified)
error at line: 44
